Using pre-set license
Built from '2021.1/staging' branch; Version is '2021.1.7f1 (d91830b65d9b) revision 14227504'; Using compiler version '192528614'; Build Type 'Release'
OS: 'Windows 10 Home; OS build 19042.1052; Version 2009; 64bit' Language: 'fr' Physical Memory: 16330 MB
BatchMode: 1, IsHumanControllingUs: 0, StartBugReporterOnCrash: 0, Is64bit: 1, IsPro: 0

 COMMAND LINE ARGUMENTS:
C:\Program Files\Unity\Hub\Editor\2021.1.7f1\Editor\Unity.exe
-adb2
-batchMode
-noUpm
-name
AssetImportWorker0
-projectPath
B:/Users/Julian/Documents/GitHub/prog web/HandTracking
-logFile
Logs/AssetImportWorker0.log
-srvPort
61524
Successfully changed project path to: B:/Users/Julian/Documents/GitHub/prog web/HandTracking
B:/Users/Julian/Documents/GitHub/prog web/HandTracking
Using Asset Import Pipeline V2.
Refreshing native plugins compatible for Editor in 109.69 ms, found 1 plugins.
Preloading 0 native plugins for Editor in 0.00 ms.
Initialize engine version: 2021.1.7f1 (d91830b65d9b)
[Subsystems] Discovering subsystems at path C:/Program Files/Unity/Hub/Editor/2021.1.7f1/Editor/Data/Resources/UnitySubsystems
[Subsystems] Discovering subsystems at path B:/Users/Julian/Documents/GitHub/prog web/HandTracking/Assets
GfxDevice: creating device client; threaded=0; jobified=0
Direct3D:
    Version:  Direct3D 11.0 [level 11.1]
    Renderer: NVIDIA GeForce GTX 1060 6GB (ID=0x1c03)
    Vendor:   NVIDIA
    VRAM:     6052 MB
    Driver:   27.21.14.5671
Initialize mono
Mono path[0] = 'C:/Program Files/Unity/Hub/Editor/2021.1.7f1/Editor/Data/Managed'
Mono path[1] = 'C:/Program Files/Unity/Hub/Editor/2021.1.7f1/Editor/Data/MonoBleedingEdge/lib/mono/unityjit'
Mono config path = 'C:/Program Files/Unity/Hub/Editor/2021.1.7f1/Editor/Data/MonoBleedingEdge/etc'
Using monoOptions --debugger-agent=transport=dt_socket,embedding=1,server=y,suspend=n,address=127.0.0.1:56712
Begin MonoManager ReloadAssembly
Registering precompiled unity dll's ...
Register platform support module: C:/Program Files/Unity/Hub/Editor/2021.1.7f1/Editor/Data/PlaybackEngines/WindowsStandaloneSupport/UnityEditor.WindowsStandalone.Extensions.dll
Register platform support module: C:/Program Files/Unity/Hub/Editor/2021.1.7f1/Editor/Data/PlaybackEngines/LuminSupport/UnityEditor.Lumin.Extensions.dll
Registered in 0.003065 seconds.
Native extension for Lumin target not found
Native extension for WindowsStandalone target not found
Refreshing native plugins compatible for Editor in 111.72 ms, found 1 plugins.
Preloading 0 native plugins for Editor in 0.00 ms.
Mono: successfully reloaded assembly
- Completed reload, in  2.515 seconds
Platform modules already initialized, skipping
Registering precompiled user dll's ...
Registered in 0.003688 seconds.
Begin MonoManager ReloadAssembly
Symbol file LoadedFromMemory doesn't match image B:\Users\Julian\Documents\GitHub\prog web\HandTracking\Library\PackageCache\com.unity.visualscripting@1.6.1\Editor\VisualScripting.Core\Dependencies\YamlDotNet\Unity.VisualScripting.YamlDotNet.dll
Symbol file LoadedFromMemory doesn't match image B:\Users\Julian\Documents\GitHub\prog web\HandTracking\Library\PackageCache\com.unity.visualscripting@1.6.1\Editor\VisualScripting.Core\Dependencies\DotNetZip\Unity.VisualScripting.IonicZip.dll
Native extension for Lumin target not found
Native extension for WindowsStandalone target not found
Refreshing native plugins compatible for Editor in 0.68 ms, found 1 plugins.
Preloading 0 native plugins for Editor in 0.00 ms.
Setting up ManoMotion Library Requirements
UnityEngine.StackTraceUtility:ExtractStackTrace ()
UnityEngine.DebugLogHandler:LogFormat (UnityEngine.LogType,UnityEngine.Object,string,object[])
UnityEngine.Logger:Log (UnityEngine.LogType,object)
UnityEngine.Debug:Log (object)
ManoMotionSetup:.cctor () (at Assets/Editor/ManoMotionSetup.cs:21)
System.Runtime.CompilerServices.RuntimeHelpers:RunClassConstructor (System.RuntimeTypeHandle)
UnityEditor.EditorAssemblies:ProcessInitializeOnLoadAttributes (System.Type[])

(Filename: Assets/Editor/ManoMotionSetup.cs Line: 21)

Successfully set up ManoMotion Library Requirements
UnityEngine.StackTraceUtility:ExtractStackTrace ()
UnityEngine.DebugLogHandler:LogFormat (UnityEngine.LogType,UnityEngine.Object,string,object[])
UnityEngine.Logger:Log (UnityEngine.LogType,object)
UnityEngine.Debug:Log (object)
ManoMotionSetup:.cctor () (at Assets/Editor/ManoMotionSetup.cs:34)
System.Runtime.CompilerServices.RuntimeHelpers:RunClassConstructor (System.RuntimeTypeHandle)
UnityEditor.EditorAssemblies:ProcessInitializeOnLoadAttributes (System.Type[])

(Filename: Assets/Editor/ManoMotionSetup.cs Line: 34)

Mono: successfully reloaded assembly
- Completed reload, in  1.277 seconds
Platform modules already initialized, skipping
========================================================================
Worker process is ready to serve import requests
Launched and connected shader compiler UnityShaderCompiler.exe after 0.08 seconds
Refreshing native plugins compatible for Editor in 0.76 ms, found 1 plugins.
Preloading 0 native plugins for Editor in 0.00 ms.
Unloading 3199 Unused Serialized files (Serialized files now loaded: 0)
System memory in use before: 122.5 MB.
System memory in use after: 122.6 MB.

Unloading 19 unused Assets to reduce memory usage. Loaded Objects now: 3655.
Total: 2.578900 ms (FindLiveObjects: 0.253600 ms CreateObjectMapping: 0.187200 ms MarkObjects: 2.044400 ms  DeleteObjects: 0.092600 ms)

========================================================================
Received Import Request.
  path: Assets/BrickCube.fbx
  artifactKey: Guid(9f069be49b8a7994b99aa90e1029e8cc) Importer(815301076,1909f56bfc062723c751e8b465ee728b)
Start importing Assets/BrickCube.fbx using Guid(9f069be49b8a7994b99aa90e1029e8cc) Importer(815301076,1909f56bfc062723c751e8b465ee728b)  -> (artifact id: 'd620f6cb5855e203e0b36da5877399ee') in 0.273942 seconds 
========================================================================
Received Import Request.
  Time since last request: 4.314211 seconds.
  path: Assets/ExplodeBrickCube.fbx
  artifactKey: Guid(109b30fd4ead0a24c94fb46c054bb5b6) Importer(815301076,1909f56bfc062723c751e8b465ee728b)
Start importing Assets/ExplodeBrickCube.fbx using Guid(109b30fd4ead0a24c94fb46c054bb5b6) Importer(815301076,1909f56bfc062723c751e8b465ee728b)  -> (artifact id: '908be7909e75e40cfcefa91a1629cbda') in 0.043027 seconds 
========================================================================
Received Import Request.
  Time since last request: 264.118299 seconds.
  path: Assets/MarioCubeController.cs
  artifactKey: Guid(edf07c3fba8389b4282c08ca7d4d40d7) Importer(815301076,1909f56bfc062723c751e8b465ee728b)
Start importing Assets/MarioCubeController.cs using Guid(edf07c3fba8389b4282c08ca7d4d40d7) Importer(815301076,1909f56bfc062723c751e8b465ee728b)  -> (artifact id: '135362242412a887d38c2a5da5030f0b') in 0.024431 seconds 
